<?xml version="1.0" encoding="UTF-8"?>
<!-- Generated by org.testng.reporters.JUnitXMLReporter -->
<testsuite ignored="0" hostname="LAPTOP-OV0PG4IN" failures="1" tests="7" name="Test" time="48.356" errors="0" timestamp="2025-07-01T14:43:55 IST">
  <testcase classname="testCases.TC001_AccountRegistration" name="verify_Account_registration" time="3.207"/>
  <testcase classname="testCases.TC002_LoginTest" name="verify_Login" time="2.439"/>
  <testcase classname="testCases.TC003_LoginDDT" name="verify_loginDDT" time="2.963"/>
  <testcase classname="testCases.TC003_LoginDDT" name="verify_loginDDT" time="2.634"/>
  <testcase classname="testCases.TC003_LoginDDT" name="verify_loginDDT" time="3.638">
    <failure type="java.lang.AssertionError" message="expected [true] but found [false]">
      <![CDATA[java.lang.AssertionError: expected [true] but found [false]
at testCases.TC003_LoginDDT.verify_loginDDT(TC003_LoginDDT.java:55)
at java.base/java.util.ArrayList.forEach(ArrayList.java:1596)
... Removed 29 stack frames]]>
    </failure>
  </testcase> <!-- verify_loginDDT -->
  <testcase classname="testCases.TC003_LoginDDT" name="verify_loginDDT" time="2.6"/>
  <testcase classname="testCases.TC003_LoginDDT" name="verify_loginDDT" time="12.304"/>
</testsuite> <!-- Test -->
